


ARM Macro Assembler    Page 1 


    1 00000000         ;/******************************************************
                       ***********************
    2 00000000         ; * @file:    startup_max3255X.s
    3 00000000         ; * @purpose: Cobra Cortex-M3 Core Device Startup File 
    4 00000000         ; *           for the Maxim Integrated MAX3255X Microcon
                       trollers 
    5 00000000         ; * @version: V1.00
    6 00000000         ; * @date:    19. Jan. 2015
    7 00000000         ; *------- <<< Use Configuration Wizard in Context Menu 
                       >>> ------------------
    8 00000000         ; *
    9 00000000         ; * Copyright (C) 2008-2009 ARM Limited. All rights rese
                       rved.
   10 00000000         ; * ARM Limited (ARM) is supplying this software for use
                        with Cortex-M3 
   11 00000000         ; * processor based microcontrollers.  This file can be 
                       freely distributed 
   12 00000000         ; * within development tools that are supporting such AR
                       M based processors. 
   13 00000000         ; *
   14 00000000         ; * THIS SOFTWARE IS PROVIDED "AS IS".  NO WARRANTIES, W
                       HETHER EXPRESS, IMPLIED
   15 00000000         ; * OR STATUTORY, INCLUDING, BUT NOT LIMITED TO, IMPLIED
                        WARRANTIES OF
   16 00000000         ; * MERCHANTABILITY AND FITNESS FOR A PARTICULAR PURPOSE
                        APPLY TO THIS SOFTWARE.
   17 00000000         ; * ARM SHALL NOT, IN ANY CIRCUMSTANCES, BE LIABLE FOR S
                       PECIAL, INCIDENTAL, OR
   18 00000000         ; * CONSEQUENTIAL DAMAGES, FOR ANY REASON WHATSOEVER.
   19 00000000         ; *
   20 00000000         ; ******************************************************
                       ***********************/
   21 00000000         
   22 00000000         
   23 00000000         ; <h> Stack Configuration
   24 00000000         ;   <o> Stack Size (in Bytes) <0x0-0xFFFFFFFF:8>
   25 00000000         ; </h>
   26 00000000         
   27 00000000 00004000 
                       Stack_Size
                               EQU              0x00004000
   28 00000000         
   29 00000000                 AREA             STACK, NOINIT, READWRITE, ALIGN
=3
   30 00000000         Stack_Mem
                               SPACE            Stack_Size
   31 00004000         __initial_sp
   32 00004000         
   33 00004000         
   34 00004000         ; <h> Heap Configuration
   35 00004000         ;   <o>  Heap Size (in Bytes) <0x0-0xFFFFFFFF:8>
   36 00004000         ; </h>
   37 00004000         
   38 00004000 00010000 
                       Heap_Size
                               EQU              0x00010000
   39 00004000         
   40 00004000                 AREA             HEAP, NOINIT, READWRITE, ALIGN=
3



ARM Macro Assembler    Page 2 


   41 00000000         __heap_base
   42 00000000         Heap_Mem
                               SPACE            Heap_Size
   43 00010000         __heap_limit
   44 00010000         
   45 00010000         
   46 00010000                 PRESERVE8
   47 00010000                 THUMB
   48 00010000         
   49 00010000         ; System Reset
   50 00010000                 AREA             RESET, CODE, READONLY
   51 00000000         
   52 00000000 4800            LDR              R0, =System_Reset
   53 00000002 4700            BX               R0
   54 00000004         
   55 00000004         ; Vector Table in RAM
   56 00000004         
   57 00000004 00000000        AREA             |.data|, DATA, READWRITE, ALIGN
=8
   58 00000000         
   59 00000000 00000000 
                       __Vectors
                               DCD              __initial_sp ; Top of Stack
   60 00000004 00000000        DCD              System_Reset ; Reset Handler
   61 00000008 00000000        DCD              NMI_Handler ; NMI Handler
   62 0000000C 00000000        DCD              HardFault_Handler ; Hard Fault 
                                                            Handler
   63 00000010 00000000        DCD              MemManage_Handler 
                                                            ; MPU Fault Handler
                                                            
   64 00000014 00000000        DCD              BusFault_Handler 
                                                            ; Bus Fault Handler
                                                            
   65 00000018 00000000        DCD              UsageFault_Handler ; Usage Faul
                                                            t Handler
   66 0000001C 00000000        DCD              0           ; Reserved
   67 00000020 00000000        DCD              0           ; Reserved
   68 00000024 00000000        DCD              0           ; Reserved
   69 00000028 00000000        DCD              0           ; Reserved
   70 0000002C 00000000        DCD              SVC_Handler ; SVCall Handler
   71 00000030 00000000        DCD              DebugMon_Handler ; Debug Monito
                                                            r Handler
   72 00000034 00000000        DCD              0           ; Reserved
   73 00000038 00000000        DCD              PendSV_Handler ; PendSV Handler
                                                            
   74 0000003C 00000000        DCD              SysTick_Handler 
                                                            ; SysTick Handler
   75 00000040         
   76 00000040         ; Extra Interrupts
   77 00000040 00000000        DCD              handler_default_undefined_ 
                                                            ; Interrupt #16
   78 00000044 00000000        DCD              handler_default_undefined_ 
                                                            ; Interrupt #17
   79 00000048 00000000        DCD              handler_default_undefined_ 
                                                            ; Interrupt #18
   80 0000004C 00000000        DCD              handler_default_undefined_ 
                                                            ; Interrupt #19
   81 00000050 00000000        DCD              handler_default_undefined_ 
                                                            ; Interrupt #20



ARM Macro Assembler    Page 3 


   82 00000054 00000000        DCD              handler_default_undefined_ 
                                                            ; Interrupt #21
   83 00000058 00000000        DCD              handler_default_undefined_ 
                                                            ; Interrupt #22
   84 0000005C 00000000        DCD              handler_default_undefined_ 
                                                            ; Interrupt #23
   85 00000060 00000000        DCD              handler_default_undefined_ 
                                                            ; Interrupt #24
   86 00000064 00000000        DCD              handler_default_undefined_ 
                                                            ; Interrupt #25
   87 00000068 00000000        DCD              handler_default_undefined_ 
                                                            ; Interrupt #26
   88 0000006C 00000000        DCD              handler_default_undefined_ 
                                                            ; Interrupt #27
   89 00000070 00000000        DCD              handler_default_undefined_ 
                                                            ; Interrupt #28
   90 00000074 00000000        DCD              handler_default_undefined_ 
                                                            ; Interrupt #29
   91 00000078 00000000        DCD              handler_default_undefined_ 
                                                            ; Interrupt #30
   92 0000007C 00000000        DCD              handler_default_undefined_ 
                                                            ; Interrupt #31
   93 00000080 00000000        DCD              handler_default_undefined_ 
                                                            ; Interrupt #32
   94 00000084 00000000        DCD              handler_default_undefined_ 
                                                            ; Interrupt #33
   95 00000088 00000000        DCD              handler_default_undefined_ 
                                                            ; Interrupt #34
   96 0000008C 00000000        DCD              handler_default_undefined_ 
                                                            ; Interrupt #35
   97 00000090 00000000        DCD              handler_default_undefined_ 
                                                            ; Interrupt #36
   98 00000094 00000000        DCD              handler_default_undefined_ 
                                                            ; Interrupt #37
   99 00000098 00000000        DCD              handler_default_undefined_ 
                                                            ; Interrupt #38
  100 0000009C 00000000        DCD              handler_default_undefined_ 
                                                            ; Interrupt #39
  101 000000A0 00000000        DCD              handler_default_undefined_ 
                                                            ; Interrupt #40
  102 000000A4 00000000        DCD              handler_default_undefined_ 
                                                            ; Interrupt #41
  103 000000A8 00000000        DCD              handler_default_undefined_ 
                                                            ; Interrupt #42
  104 000000AC 00000000        DCD              handler_default_undefined_ 
                                                            ; Interrupt #43
  105 000000B0 00000000        DCD              handler_default_undefined_ 
                                                            ; Interrupt #44
  106 000000B4 00000000        DCD              handler_default_undefined_ 
                                                            ; Interrupt #45
  107 000000B8 00000000        DCD              handler_default_undefined_ 
                                                            ; Interrupt #46
  108 000000BC 00000000        DCD              handler_default_undefined_ 
                                                            ; Interrupt #47
  109 000000C0 00000000        DCD              handler_default_undefined_ 
                                                            ; Interrupt #48
  110 000000C4 00000000        DCD              handler_default_undefined_ 
                                                            ; Interrupt #49
  111 000000C8 00000000        DCD              handler_default_undefined_ 



ARM Macro Assembler    Page 4 


                                                            ; Interrupt #50
  112 000000CC 00000000        DCD              handler_default_undefined_ 
                                                            ; Interrupt #51
  113 000000D0 00000000        DCD              handler_default_undefined_ 
                                                            ; Interrupt #52
  114 000000D4 00000000        DCD              handler_default_undefined_ 
                                                            ; Interrupt #53
  115 000000D8 00000000        DCD              handler_default_undefined_ 
                                                            ; Interrupt #54
  116 000000DC 00000000        DCD              handler_default_undefined_ 
                                                            ; Interrupt #55
  117 000000E0 00000000        DCD              handler_default_undefined_ 
                                                            ; Interrupt #56
  118 000000E4 00000000        DCD              handler_default_undefined_ 
                                                            ; Interrupt #57
  119 000000E8 00000000        DCD              handler_default_undefined_ 
                                                            ; Interrupt #58
  120 000000EC 00000000        DCD              handler_default_undefined_ 
                                                            ; Interrupt #59
  121 000000F0 00000000        DCD              handler_default_undefined_ 
                                                            ; Interrupt #60
  122 000000F4 00000000        DCD              handler_default_undefined_ 
                                                            ; Interrupt #61
  123 000000F8 00000000        DCD              handler_default_undefined_ 
                                                            ; Interrupt #62
  124 000000FC 00000000        DCD              handler_default_undefined_ 
                                                            ; Interrupt #63
  125 00000100         
  126 00000100                 EXPORT           __Vectors
  127 00000100         
  128 00000100         
  129 00000100                 AREA             |.constdata|, DATA, READONLY
  130 00000000                 ALIGN            4
  131 00000000 00007F26 
                       Part_Number
                               DCD              __MAXIM_DEVICE__ 
                                                            ; Maxim Part Number
                                                            
  132 00000004 066FF300 
                       Clock_Speed
                               DCD              __CLOCK_SPEED__ 
                                                            ; CPU Speed in Hz
  133 00000008         
  134 00000008                 EXPORT           Part_Number
  135 00000008                 EXPORT           Clock_Speed
  136 00000008         
  137 00000008         
  138 00000008                 AREA             |.text|, CODE, READONLY
  139 00000000         
  140 00000000         ; Disable interrupts, set initial SP and initialize vect
                       or table address
  141 00000000 E000ED08 
                       VTOR_ADDR
                               EQU              0xE000ED08
  142 00000000         System_Reset
                               PROC
  143 00000000                 EXPORT           System_Reset
  144 00000000 B672            CPSID            I
  145 00000002 F8DF D030       LDR              SP, =__initial_sp



ARM Macro Assembler    Page 5 


  146 00000006 4B0C            LDR              R3, =VTOR_ADDR
  147 00000008 480C            LDR              R0, =__Vectors
  148 0000000A 6018            STR              R0, [R3]
  149 0000000C 480C            LDR              R0, =Reset_Handler
  150 0000000E 4700            BX               R0
  151 00000010                 ENDP
  152 00000010         
  153 00000010         ; Reset Handler (can be modified)
  154 00000010         Reset_Handler
                               PROC
  155 00000010                 EXPORT           Reset_Handler             [WEAK
]
  156 00000010                 IMPORT           __main
  157 00000010 480C            LDR              R0, =__main
  158 00000012 4700            BX               R0
  159 00000014                 ENDP
  160 00000014         
  161 00000014         ; Dummy Exception Handlers (infinite loops which can be 
                       modified)
  162 00000014         
  163 00000014         NMI_Handler
                               PROC
  164 00000014                 EXPORT           NMI_Handler               [WEAK
]
  165 00000014 E7FE            B                .
  166 00000016                 ENDP
  168 00000016         HardFault_Handler
                               PROC
  169 00000016                 EXPORT           HardFault_Handler         [WEAK
]
  170 00000016 E7FE            B                .
  171 00000018                 ENDP
  173 00000018         MemManage_Handler
                               PROC
  174 00000018                 EXPORT           MemManage_Handler         [WEAK
]
  175 00000018 E7FE            B                .
  176 0000001A                 ENDP
  178 0000001A         BusFault_Handler
                               PROC
  179 0000001A                 EXPORT           BusFault_Handler          [WEAK
]
  180 0000001A E7FE            B                .
  181 0000001C                 ENDP
  183 0000001C         UsageFault_Handler
                               PROC
  184 0000001C                 EXPORT           UsageFault_Handler        [WEAK
]
  185 0000001C E7FE            B                .
  186 0000001E                 ENDP
  187 0000001E         SVC_Handler
                               PROC
  188 0000001E                 EXPORT           SVC_Handler               [WEAK
]
  189 0000001E E7FE            B                .
  190 00000020                 ENDP
  192 00000020         DebugMon_Handler
                               PROC
  193 00000020                 EXPORT           DebugMon_Handler          [WEAK



ARM Macro Assembler    Page 6 


]
  194 00000020 E7FE            B                .
  195 00000022                 ENDP
  196 00000022         PendSV_Handler
                               PROC
  197 00000022                 EXPORT           PendSV_Handler            [WEAK
]
  198 00000022 E7FE            B                .
  199 00000024                 ENDP
  200 00000024         SysTick_Handler
                               PROC
  201 00000024                 EXPORT           SysTick_Handler           [WEAK
]
  202 00000024 E7FE            B                .
  203 00000026                 ENDP
  204 00000026         
  205 00000026         handler_default_undefined_
                               PROC
  206 00000026                 export           handler_default_undefined_ [WEA
K]
  207 00000026 E7FE            B                .
  208 00000028                 ENDP
  209 00000028         
  210 00000028                 ALIGN
  211 00000028         
  212 00000028         
  213 00000028         ; User Initial Stack & Heap
  214 00000028         
  215 00000028                 IF               :DEF:__MICROLIB
  222 00000028         
  223 00000028                 IMPORT           __use_two_region_memory
  224 00000028                 EXPORT           __user_initial_stackheap
  225 00000028         __user_initial_stackheap
  226 00000028         
  227 00000028 4807            LDR              R0, =  Heap_Mem
  228 0000002A 4908            LDR              R1, =(Stack_Mem + Stack_Size)
  229 0000002C 4A08            LDR              R2, = (Heap_Mem +  Heap_Size)
  230 0000002E 4B09            LDR              R3, = Stack_Mem
  231 00000030 4770            BX               LR
  232 00000032         
  233 00000032 00 00           ALIGN
  234 00000034         
  235 00000034                 ENDIF
  236 00000034         
  237 00000034         
  238 00000034                 END
              00000000 
              E000ED08 
              00000000 
              00000000 
              00000000 
              00000000 
              00004000 
              00010000 
              00000000 
Command Line: --debug --xref --cpu=Cortex-M3 --apcs=interwork --depend=.\build\
startup_max3255x.d -o.\build\startup_max3255x.o -IC:\Keil\ARM\RV31\INC -IC:\Kei
l\ARM\PACK\ARM\CMSIS\3.20.3\CMSIS\Include --predefine="__MAXIM_DEVICE__ SETA 32
550" --predefine="__CLOCK_SPEED__ SETA 108000000" --list=.\build\startup_max325



ARM Macro Assembler    Page 7 


5x.lst src\startup_max3255X.s



ARM Macro Assembler    Page 1 Alphabetic symbol ordering
Relocatable symbols

STACK 00000000

Symbol: STACK
   Definitions
      At line 29 in file src\startup_max3255X.s
   Uses
      None
Comment: STACK unused
Stack_Mem 00000000

Symbol: Stack_Mem
   Definitions
      At line 30 in file src\startup_max3255X.s
   Uses
      At line 228 in file src\startup_max3255X.s
      At line 230 in file src\startup_max3255X.s

__initial_sp 00004000

Symbol: __initial_sp
   Definitions
      At line 31 in file src\startup_max3255X.s
   Uses
      At line 59 in file src\startup_max3255X.s
      At line 145 in file src\startup_max3255X.s

3 symbols



ARM Macro Assembler    Page 1 Alphabetic symbol ordering
Relocatable symbols

HEAP 00000000

Symbol: HEAP
   Definitions
      At line 40 in file src\startup_max3255X.s
   Uses
      None
Comment: HEAP unused
Heap_Mem 00000000

Symbol: Heap_Mem
   Definitions
      At line 42 in file src\startup_max3255X.s
   Uses
      At line 227 in file src\startup_max3255X.s
      At line 229 in file src\startup_max3255X.s

__heap_base 00000000

Symbol: __heap_base
   Definitions
      At line 41 in file src\startup_max3255X.s
   Uses
      None
Comment: __heap_base unused
__heap_limit 00010000

Symbol: __heap_limit
   Definitions
      At line 43 in file src\startup_max3255X.s
   Uses
      None
Comment: __heap_limit unused
4 symbols



ARM Macro Assembler    Page 1 Alphabetic symbol ordering
Relocatable symbols

RESET 00000000

Symbol: RESET
   Definitions
      At line 50 in file src\startup_max3255X.s
   Uses
      None
Comment: RESET unused
1 symbol



ARM Macro Assembler    Page 1 Alphabetic symbol ordering
Relocatable symbols

.data 00000000

Symbol: .data
   Definitions
      At line 57 in file src\startup_max3255X.s
   Uses
      None
Comment: .data unused
__Vectors 00000000

Symbol: __Vectors
   Definitions
      At line 59 in file src\startup_max3255X.s
   Uses
      At line 126 in file src\startup_max3255X.s
      At line 147 in file src\startup_max3255X.s

2 symbols



ARM Macro Assembler    Page 1 Alphabetic symbol ordering
Relocatable symbols

.constdata 00000000

Symbol: .constdata
   Definitions
      At line 129 in file src\startup_max3255X.s
   Uses
      None
Comment: .constdata unused
Clock_Speed 00000004

Symbol: Clock_Speed
   Definitions
      At line 132 in file src\startup_max3255X.s
   Uses
      At line 135 in file src\startup_max3255X.s
Comment: Clock_Speed used once
Part_Number 00000000

Symbol: Part_Number
   Definitions
      At line 131 in file src\startup_max3255X.s
   Uses
      At line 134 in file src\startup_max3255X.s
Comment: Part_Number used once
3 symbols



ARM Macro Assembler    Page 1 Alphabetic symbol ordering
Relocatable symbols

.text 00000000

Symbol: .text
   Definitions
      At line 138 in file src\startup_max3255X.s
   Uses
      None
Comment: .text unused
BusFault_Handler 0000001A

Symbol: BusFault_Handler
   Definitions
      At line 178 in file src\startup_max3255X.s
   Uses
      At line 64 in file src\startup_max3255X.s
      At line 179 in file src\startup_max3255X.s

DebugMon_Handler 00000020

Symbol: DebugMon_Handler
   Definitions
      At line 192 in file src\startup_max3255X.s
   Uses
      At line 71 in file src\startup_max3255X.s
      At line 193 in file src\startup_max3255X.s

HardFault_Handler 00000016

Symbol: HardFault_Handler
   Definitions
      At line 168 in file src\startup_max3255X.s
   Uses
      At line 62 in file src\startup_max3255X.s
      At line 169 in file src\startup_max3255X.s

MemManage_Handler 00000018

Symbol: MemManage_Handler
   Definitions
      At line 173 in file src\startup_max3255X.s
   Uses
      At line 63 in file src\startup_max3255X.s
      At line 174 in file src\startup_max3255X.s

NMI_Handler 00000014

Symbol: NMI_Handler
   Definitions
      At line 163 in file src\startup_max3255X.s
   Uses
      At line 61 in file src\startup_max3255X.s
      At line 164 in file src\startup_max3255X.s

PendSV_Handler 00000022

Symbol: PendSV_Handler
   Definitions
      At line 196 in file src\startup_max3255X.s
   Uses



ARM Macro Assembler    Page 2 Alphabetic symbol ordering
Relocatable symbols

      At line 73 in file src\startup_max3255X.s
      At line 197 in file src\startup_max3255X.s

Reset_Handler 00000010

Symbol: Reset_Handler
   Definitions
      At line 154 in file src\startup_max3255X.s
   Uses
      At line 149 in file src\startup_max3255X.s
      At line 155 in file src\startup_max3255X.s

SVC_Handler 0000001E

Symbol: SVC_Handler
   Definitions
      At line 187 in file src\startup_max3255X.s
   Uses
      At line 70 in file src\startup_max3255X.s
      At line 188 in file src\startup_max3255X.s

SysTick_Handler 00000024

Symbol: SysTick_Handler
   Definitions
      At line 200 in file src\startup_max3255X.s
   Uses
      At line 74 in file src\startup_max3255X.s
      At line 201 in file src\startup_max3255X.s

System_Reset 00000000

Symbol: System_Reset
   Definitions
      At line 142 in file src\startup_max3255X.s
   Uses
      At line 52 in file src\startup_max3255X.s
      At line 60 in file src\startup_max3255X.s
      At line 143 in file src\startup_max3255X.s

UsageFault_Handler 0000001C

Symbol: UsageFault_Handler
   Definitions
      At line 183 in file src\startup_max3255X.s
   Uses
      At line 65 in file src\startup_max3255X.s
      At line 184 in file src\startup_max3255X.s

__user_initial_stackheap 00000028

Symbol: __user_initial_stackheap
   Definitions
      At line 225 in file src\startup_max3255X.s
   Uses
      At line 224 in file src\startup_max3255X.s
Comment: __user_initial_stackheap used once
handler_default_undefined_ 00000026




ARM Macro Assembler    Page 3 Alphabetic symbol ordering
Relocatable symbols

Symbol: handler_default_undefined_
   Definitions
      At line 205 in file src\startup_max3255X.s
   Uses
      At line 77 in file src\startup_max3255X.s
      At line 78 in file src\startup_max3255X.s
      At line 79 in file src\startup_max3255X.s
      At line 80 in file src\startup_max3255X.s
      At line 81 in file src\startup_max3255X.s
      At line 82 in file src\startup_max3255X.s
      At line 83 in file src\startup_max3255X.s
      At line 84 in file src\startup_max3255X.s
      At line 85 in file src\startup_max3255X.s
      At line 86 in file src\startup_max3255X.s
      At line 87 in file src\startup_max3255X.s
      At line 88 in file src\startup_max3255X.s
      At line 89 in file src\startup_max3255X.s
      At line 90 in file src\startup_max3255X.s
      At line 91 in file src\startup_max3255X.s
      At line 92 in file src\startup_max3255X.s
      At line 93 in file src\startup_max3255X.s
      At line 94 in file src\startup_max3255X.s
      At line 95 in file src\startup_max3255X.s
      At line 96 in file src\startup_max3255X.s
      At line 97 in file src\startup_max3255X.s
      At line 98 in file src\startup_max3255X.s
      At line 99 in file src\startup_max3255X.s
      At line 100 in file src\startup_max3255X.s
      At line 101 in file src\startup_max3255X.s
      At line 102 in file src\startup_max3255X.s
      At line 103 in file src\startup_max3255X.s
      At line 104 in file src\startup_max3255X.s
      At line 105 in file src\startup_max3255X.s
      At line 106 in file src\startup_max3255X.s
      At line 107 in file src\startup_max3255X.s
      At line 108 in file src\startup_max3255X.s
      At line 109 in file src\startup_max3255X.s
      At line 110 in file src\startup_max3255X.s
      At line 111 in file src\startup_max3255X.s
      At line 112 in file src\startup_max3255X.s
      At line 113 in file src\startup_max3255X.s
      At line 114 in file src\startup_max3255X.s
      At line 115 in file src\startup_max3255X.s
      At line 116 in file src\startup_max3255X.s
      At line 117 in file src\startup_max3255X.s
      At line 118 in file src\startup_max3255X.s
      At line 119 in file src\startup_max3255X.s
      At line 120 in file src\startup_max3255X.s
      At line 121 in file src\startup_max3255X.s
      At line 122 in file src\startup_max3255X.s
      At line 123 in file src\startup_max3255X.s
      At line 124 in file src\startup_max3255X.s
      At line 206 in file src\startup_max3255X.s

14 symbols



ARM Macro Assembler    Page 1 Alphabetic symbol ordering
Absolute symbols

Heap_Size 00010000

Symbol: Heap_Size
   Definitions
      At line 38 in file src\startup_max3255X.s
   Uses
      At line 42 in file src\startup_max3255X.s
      At line 229 in file src\startup_max3255X.s

Stack_Size 00004000

Symbol: Stack_Size
   Definitions
      At line 27 in file src\startup_max3255X.s
   Uses
      At line 30 in file src\startup_max3255X.s
      At line 228 in file src\startup_max3255X.s

VTOR_ADDR E000ED08

Symbol: VTOR_ADDR
   Definitions
      At line 141 in file src\startup_max3255X.s
   Uses
      At line 146 in file src\startup_max3255X.s
Comment: VTOR_ADDR used once
3 symbols



ARM Macro Assembler    Page 1 Alphabetic symbol ordering
External symbols

__main 00000000

Symbol: __main
   Definitions
      At line 156 in file src\startup_max3255X.s
   Uses
      At line 157 in file src\startup_max3255X.s
Comment: __main used once
__use_two_region_memory 00000000

Symbol: __use_two_region_memory
   Definitions
      At line 223 in file src\startup_max3255X.s
   Uses
      None
Comment: __use_two_region_memory unused
2 symbols
370 symbols in table
